<?xml version="1.0" encoding="UTF-8"?>
<!-- Generated by org.testng.reporters.JUnitReportReporter -->
<testsuite hostname="HCLLMDU0249" failures="0" tests="1" name="Test.TC_010_HomeScreen_ForgotPasswordLinkCheck_TestCase" time="12.445" errors="0" timestamp="2024-12-15T16:28:18 IST" skipped="0">
  <testcase classname="Test.TC_010_HomeScreen_ForgotPasswordLinkCheck_TestCase" name="forgotpasswordcheckTestCase" time="12.445"/>
  <system-out/>
</testsuite> <!-- Test.TC_010_HomeScreen_ForgotPasswordLinkCheck_TestCase -->
