<?xml version="1.0" encoding="UTF-8"?>
<!-- Generated by org.testng.reporters.JUnitReportReporter -->
<testsuite hostname="HCLLMDU0249" failures="0" tests="1" name="Test.TC_023_BookedCompleteClear_TestCase" time="18.999" errors="0" timestamp="2024-12-15T16:28:18 IST" skipped="0">
  <testcase classname="Test.TC_023_BookedCompleteClear_TestCase" name="clearallBooked" time="18.999"/>
  <system-out/>
</testsuite> <!-- Test.TC_023_BookedCompleteClear_TestCase -->
