<?xml version="1.0" encoding="UTF-8"?>
<!-- Generated by org.testng.reporters.JUnitReportReporter -->
<testsuite hostname="HCLLMDU0249" failures="0" tests="1" name="Test.TC_021_ChangePass_AfterChangelogin_TestCase" time="17.100" errors="0" timestamp="2024-12-15T16:28:18 IST" skipped="0">
  <testcase classname="Test.TC_021_ChangePass_AfterChangelogin_TestCase" name="afterchangepassloginTestCase" time="17.100"/>
  <system-out/>
</testsuite> <!-- Test.TC_021_ChangePass_AfterChangelogin_TestCase -->
