<?xml version="1.0" encoding="UTF-8"?>
<!-- Generated by org.testng.reporters.JUnitReportReporter -->
<testsuite hostname="HCLLMDU0249" failures="0" tests="1" name="Test.TC_001_LoginButtonCheck_TestCase" time="15.932" errors="0" timestamp="2024-12-15T16:28:18 IST" skipped="0">
  <testcase classname="Test.TC_001_LoginButtonCheck_TestCase" name="loginbuttoncheck" time="15.932"/>
  <system-out/>
</testsuite> <!-- Test.TC_001_LoginButtonCheck_TestCase -->
