<?xml version="1.0" encoding="UTF-8"?>
<!-- Generated by org.testng.reporters.JUnitReportReporter -->
<testsuite hostname="HCLLMDU0249" failures="0" tests="1" name="Test.TC_009_HotelBookingConfirmation_TestCase" time="38.867" errors="0" timestamp="2024-12-15T16:28:17 IST" skipped="0">
  <testcase classname="Test.TC_009_HotelBookingConfirmation_TestCase" name="bookingconfirmationTestCase" time="38.867"/>
  <system-out/>
</testsuite> <!-- Test.TC_009_HotelBookingConfirmation_TestCase -->
