<?xml version="1.0" encoding="UTF-8"?>
<!-- Generated by org.testng.reporters.JUnitReportReporter -->
<testsuite hostname="HCLLMDU0249" failures="0" tests="1" name="Test.TC_013_HomeScreen_ForgotpasswordEmailCheck_TestCase" time="16.565" errors="0" timestamp="2024-12-15T16:19:18 IST" skipped="0">
  <testcase classname="Test.TC_013_HomeScreen_ForgotpasswordEmailCheck_TestCase" name="wrongemailinforgotpasswordTestCase" time="16.565"/>
  <system-out/>
</testsuite> <!-- Test.TC_013_HomeScreen_ForgotpasswordEmailCheck_TestCase -->
