<?xml version="1.0" encoding="UTF-8"?>
<!-- Generated by org.testng.reporters.JUnitReportReporter -->
<testsuite hostname="HCLLMDU0249" failures="0" tests="1" name="Test.TC_003_LoginWrongIDpassCheck_TestCase" time="23.671" errors="0" timestamp="2024-12-15T16:28:18 IST" skipped="0">
  <testcase classname="Test.TC_003_LoginWrongIDpassCheck_TestCase" name="wrongidpasscheckTestCase" time="23.671"/>
  <system-out/>
</testsuite> <!-- Test.TC_003_LoginWrongIDpassCheck_TestCase -->
