<?xml version="1.0" encoding="UTF-8"?>
<!-- Generated by org.testng.reporters.JUnitReportReporter -->
<testsuite hostname="HCLLMDU0249" failures="0" tests="1" name="Test.TC_015_BookedToSearchHotel_TestCase" time="16.494" errors="0" timestamp="2024-12-15T16:28:18 IST" skipped="0">
  <testcase classname="Test.TC_015_BookedToSearchHotel_TestCase" name="switchtoSearchHotelTestCase" time="16.494"/>
  <system-out/>
</testsuite> <!-- Test.TC_015_BookedToSearchHotel_TestCase -->
