<?xml version="1.0" encoding="UTF-8"?>
<!-- Generated by org.testng.reporters.JUnitReportReporter -->
<testsuite hostname="HCLLMDU0249" failures="0" tests="1" name="Test.TC_005_HoteBookingMandatoryFileds_TestCase" time="15.984" errors="0" timestamp="2024-12-14T16:23:28 IST" skipped="0">
  <testcase classname="Test.TC_005_HoteBookingMandatoryFileds_TestCase" name="mandatoryfields" time="15.984"/>
  <system-out/>
</testsuite> <!-- Test.TC_005_HoteBookingMandatoryFileds_TestCase -->
