<?xml version="1.0" encoding="UTF-8"?>
<!-- Generated by org.testng.reporters.JUnitReportReporter -->
<testsuite hostname="HCLLMDU0249" failures="0" tests="1" name="Test.TC_017_ChangePassSwitch_TestCase" time="19.020" errors="0" timestamp="2024-12-15T16:28:18 IST" skipped="0">
  <testcase classname="Test.TC_017_ChangePassSwitch_TestCase" name="changepasswordswitchTestCase" time="19.020"/>
  <system-out/>
</testsuite> <!-- Test.TC_017_ChangePassSwitch_TestCase -->
