<?xml version="1.0" encoding="UTF-8"?>
<!-- Generated by org.testng.reporters.JUnitReportReporter -->
<testsuite hostname="HCLLMDU0249" failures="0" tests="1" name="Test.TC_019_Changepass_Wrongconfirmpass_TestCase" time="25.720" errors="0" timestamp="2024-12-15T16:28:18 IST" skipped="0">
  <testcase classname="Test.TC_019_Changepass_Wrongconfirmpass_TestCase" name="WrongconfirmpassCheckTestCase" time="25.720"/>
  <system-out/>
</testsuite> <!-- Test.TC_019_Changepass_Wrongconfirmpass_TestCase -->
