<?xml version="1.0" encoding="UTF-8"?>
<!-- Generated by org.testng.reporters.JUnitReportReporter -->
<testsuite hostname="HCLLMDU0249" failures="0" tests="1" name="Test.TC_012_HomeScreen_ForgotPassSendEmail_TestCase" time="22.487" errors="0" timestamp="2024-12-15T09:46:33 IST" skipped="0">
  <testcase classname="Test.TC_012_HomeScreen_ForgotPassSendEmail_TestCase" name="emailpasswordTestCase" time="22.487"/>
  <system-out/>
</testsuite> <!-- Test.TC_012_HomeScreen_ForgotPassSendEmail_TestCase -->
