<?xml version="1.0" encoding="UTF-8"?>
<!-- Generated by org.testng.reporters.JUnitReportReporter -->
<testsuite hostname="HCLLMDU0249" failures="0" tests="1" name="Test.TC_018_ChangePass_DetailsCheck_TestCase" time="23.794" errors="0" timestamp="2024-12-15T16:28:18 IST" skipped="0">
  <testcase classname="Test.TC_018_ChangePass_DetailsCheck_TestCase" name="changepassdetailsCheckTestCase" time="23.794"/>
  <system-out/>
</testsuite> <!-- Test.TC_018_ChangePass_DetailsCheck_TestCase -->
