<?xml version="1.0" encoding="UTF-8"?>
<!-- Generated by org.testng.reporters.JUnitReportReporter -->
<testsuite hostname="HCLLMDU0249" failures="0" tests="1" name="Test.TC_020_ChangePass_PassChangeConfirmation_TestCase" time="26.718" errors="0" timestamp="2024-12-15T16:28:18 IST" skipped="0">
  <testcase classname="Test.TC_020_ChangePass_PassChangeConfirmation_TestCase" name="WrongconfirmpassVerificationTestCase" time="26.718"/>
  <system-out/>
</testsuite> <!-- Test.TC_020_ChangePass_PassChangeConfirmation_TestCase -->
